D:\user-store\Documents\毕业设计\正式版毕业设计工作规范\CAD图纸\总装图(A0).dwg,模型,2020/5/15 13:00:17,Aaron・Brook,DWG To PDF.pc3,ISO full bleed A0 (841.00 x 1189.00 毫米),1:1,
D:\user-store\Documents\毕业设计\正式版毕业设计工作规范\CAD图纸\总装图(A0).dwg,模型,2020/5/15 13:05:43,Aaron・Brook,DWG To PDF.pc3,ISO full bleed A0 (841.00 x 1189.00 毫米),1:1,
D:\user-store\Documents\毕业设计\正式版毕业设计工作规范\CAD图纸\总装图(A0).dwg,模型,2020/5/19 15:19:18,Aaron・Brook,DWG To PDF.pc3,ISO full bleed A0 (841.00 x 1189.00 毫米),1:1,
D:\user-store\Documents\毕业设计\正式版毕业设计工作规范\参考\CAD图纸\总装图(A0).dwg,模型,2020/5/20 20:18:28,Aaron・Brook,DWG To PDF.pc3,ISO full bleed A0 (841.00 x 1189.00 毫米),1:1,
D:\user-store\Documents\毕业设计\正式版毕业设计工作规范\CAD图纸\供料成型系统(A0).dwg,模型,2020/5/21 20:59:49,Aaron・Brook,DWG To PDF.pc3,ISO full bleed A0 (841.00 x 1189.00 毫米),1:1,
D:\user-store\Documents\毕业设计\正式版毕业设计工作规范\参考\CAD图纸\铺粉辊子系统(A2).dwg,模型,2020/5/23 14:51:11,Aaron・Brook,DWG To PDF.pc3,ISO full bleed A2 (420.00 x 594.00 毫米),1:1,
D:\user-store\Documents\毕业设计\正式版毕业设计工作规范\CAD图纸\托板(A3).dwg,模型,2020/5/30 7:07:15,Aaron・Brook,DWG To PDF.pc3,ISO full bleed A3 (297.00 x 420.00 毫米),1:1.00119,
D:\user-store\Documents\毕业设计\正式版毕业设计工作规范\CAD图纸\铺粉辊子系统(A2).dwg,模型,2020/6/5 14:15:37,Aaron・Brook,DWG To PDF.pc3,ISO full bleed A2 (420.00 x 594.00 毫米),1:1,
D:\user-store\Documents\毕业设计\正式版毕业设计工作规范\CAD图纸\铺粉辊子系统(A2).dwg,模型,2020/6/9 21:27:31,Aaron・Brook,DWG To PDF.pc3,ISO full bleed A2 (420.00 x 594.00 毫米),1:1,
D:\user-store\Documents\毕业设计\正式版毕业设计工作规范\CAD图纸\铺粉辊子座(A3).dwg,模型,2020/6/9 21:31:31,Aaron・Brook,DWG To PDF.pc3,ISO full bleed A3 (297.00 x 420.00 毫米),1:1.00119,
C:\Users\wilder・jack\Desktop\初文翔 A3小齿轮.dwg,模型,2020/6/10 17:52:53,Aaron・Brook,DWG To PDF.pc3,ISO full bleed A3 (297.00 x 420.00 毫米),1:1,
C:\Users\wilder・jack\Desktop\初文翔 A3小齿轮.dwg,模型,2020/6/10 18:01:37,Aaron・Brook,DWG To PDF.pc3,ISO full bleed A3 (297.00 x 420.00 毫米),1:1,
D:\user-store\Documents\毕业设计\正式版毕业设计\CAD图纸\工作平台系统(A1).dwg,模型,2020/6/10 18:05:28,Aaron・Brook,DWG To PDF.pc3,ISO full bleed A1 (594.00 x 841.00 毫米),1:1,
D:\user-store\Documents\毕业设计\正式版毕业设计\CAD图纸\总装图(A0).dwg,模型,2020/6/11 8:16:23,Aaron・Brook,DWG To PDF.pc3,ISO full bleed A0 (841.00 x 1189.00 毫米),1:1,
D:\user-store\Documents\毕业设计\正式版毕业设计\CAD图纸\供料成型系统(A0).dwg,模型,2020/6/12 10:37:46,Aaron・Brook,DWG To PDF.pc3,ISO full bleed A0 (841.00 x 1189.00 毫米),1:1,
D:\user-store\Documents\毕业设计\正式版毕业设计\CAD图纸\工作平台系统(A1).dwg,模型,2020/6/12 11:23:37,Aaron・Brook,DWG To PDF.pc3,ISO full bleed A0 (841.00 x 1189.00 毫米),1:0.707317,
D:\user-store\Documents\毕业设计\正式版毕业设计\CAD图纸\工作平台系统(A1).dwg,模型,2020/6/12 11:29:00,Aaron・Brook,DWG To PDF.pc3,ISO full bleed A0 (841.00 x 1189.00 毫米),1:0.707317,
D:\user-store\Documents\毕业设计\正式版毕业设计\CAD图纸\托板(A3).dwg,模型,2020/6/12 11:39:59,Aaron・Brook,DWG To PDF.pc3,ISO full bleed A3 (297.00 x 420.00 毫米),1:1.00119,
D:\user-store\Documents\毕业设计\正式版毕业设计\CAD图纸\铺粉辊子座(A3).dwg,模型,2020/6/12 11:44:39,Aaron・Brook,DWG To PDF.pc3,ISO full bleed A3 (297.00 x 420.00 毫米),1:1.00119,
D:\user-store\Documents\毕业设计\正式版毕业设计\CAD图纸\铺粉辊子系统(A2).dwg,模型,2020/6/12 12:01:59,Aaron・Brook,DWG To PDF.pc3,ISO full bleed A2 (420.00 x 594.00 毫米),1:1,
D:\user-store\Documents\毕业设计\正式版毕业设计\CAD图纸\滑块(A4).dwg,模型,2020/6/13 10:32:32,Aaron・Brook,DWG To PDF.pc3,ISO full bleed A4 (210.00 x 297.00 毫米),1:1.00084,
D:\user-store\Documents\毕业设计\正式版毕业设计\CAD图纸\铺粉辊子系统(A2).dwg,模型,2020/6/13 10:39:12,Aaron・Brook,DWG To PDF.pc3,ISO full bleed A2 (420.00 x 594.00 毫米),1:1,
